Arguments: 
  /usr/bin/node /usr/bin/yarn test

PATH: 
  /home/sipsma/.local/share/nvim/site/pack/packer/start/neomux/plugin/bin:/home/sipsma/go/bin:/sbin:/usr/sbin:/usr/local/sbin:/bin:/usr/bin:/usr/local/bin:/usr/local/go/bin:/go/bin:/home/sipsma/.local/share/nvim/site/pack/packer/start/neomux/plugin/Linux.aarch64.bin

Yarn version: 
  1.22.10

Node version: 
  12.22.5

Platform: 
  linux arm64

Trace: 
  SyntaxError: /home/sipsma/repo/github.com/sipsma/dagger/demo/server/package.json: Unexpected string in JSON at position 159
      at JSON.parse (<anonymous>)
      at _callee13$ (/usr/share/nodejs/yarn/lib/util/fs.js:1448:51)
      at tryCatch (/usr/share/nodejs/regenerator-runtime/runtime.js:63:40)
      at Generator.invoke [as _invoke] (/usr/share/nodejs/regenerator-runtime/runtime.js:293:22)
      at Generator.next (/usr/share/nodejs/regenerator-runtime/runtime.js:118:21)
      at asyncGeneratorStep (/usr/share/nodejs/@babel/runtime/helpers/asyncToGenerator.js:3:24)
      at _next (/usr/share/nodejs/@babel/runtime/helpers/asyncToGenerator.js:25:9)

npm manifest: 
  {
    "name": "demo-server",
    "version": "1.0.0",
    "description": "demo for dagger",
    "main": "src/index.js",
    "author": "Erik Sipsma",
    "license": "MIT"
    "scripts": {
      "test": "echo SERVER TEST"
    },
  }

yarn manifest: 
  No manifest

Lockfile: 
  # THIS IS AN AUTOGENERATED FILE. DO NOT EDIT THIS FILE DIRECTLY.
  # yarn lockfile v1
